<?xml version="1.0" encoding="UTF-8"?>
<!-- Generated by org.testng.reporters.JUnitReportReporter -->
<testsuite hostname="LAPTOP-2GPD92DT" failures="0" tests="3" name="com.challenge.test.RunCucumberTest" time="88.502" errors="0" timestamp="2022-11-25T09:22:55 ART" skipped="0">
  <testcase classname="com.challenge.test.RunCucumberTest" name="runScenario" time="16.138"/>
  <system-out/>
  <testcase classname="com.challenge.test.RunCucumberTest" name="runScenario" time="42.105"/>
  <system-out/>
  <testcase classname="com.challenge.test.RunCucumberTest" name="runScenario" time="30.259"/>
  <system-out/>
</testsuite> <!-- com.challenge.test.RunCucumberTest -->
